C:\USERS\최다인\DESKTOP\MEYOU\STUDY\1학년\프밍\DAVINCI_FINAL\DAVINCI_FINAL\DEBUG\DAVINCI_CODE.OBJ
C:\USERS\최다인\DESKTOP\MEYOU\STUDY\1학년\프밍\DAVINCI_FINAL\DAVINCI_FINAL\DEBUG\DAVINCI_MAIN.OBJ
C:\USERS\최다인\DESKTOP\MEYOU\STUDY\1학년\프밍\DAVINCI_FINAL\DAVINCI_FINAL\DEBUG\VC110.PDB
C:\USERS\최다인\DESKTOP\MEYOU\STUDY\1학년\프밍\DAVINCI_FINAL\DEBUG\DAVINCI_FINAL.ILK
C:\USERS\최다인\DESKTOP\MEYOU\STUDY\1학년\프밍\DAVINCI_FINAL\DEBUG\DAVINCI_FINAL.EXE
C:\USERS\최다인\DESKTOP\MEYOU\STUDY\1학년\프밍\DAVINCI_FINAL\DEBUG\DAVINCI_FINAL.PDB
C:\Users\최다인\Desktop\MeYou\Study\1학년\프밍\Davinci_Final\Davinci_Final\Debug\davinci_code.obj
C:\Users\최다인\Desktop\MeYou\Study\1학년\프밍\Davinci_Final\Davinci_Final\Debug\davinci_main.obj
C:\Users\최다인\Desktop\MeYou\Study\1학년\프밍\Davinci_Final\Davinci_Final\Debug\cl.command.1.tlog
C:\Users\최다인\Desktop\MeYou\Study\1학년\프밍\Davinci_Final\Davinci_Final\Debug\CL.read.1.tlog
C:\Users\최다인\Desktop\MeYou\Study\1학년\프밍\Davinci_Final\Davinci_Final\Debug\CL.write.1.tlog
C:\Users\최다인\Desktop\MeYou\Study\1학년\프밍\Davinci_Final\Davinci_Final\Debug\link-cvtres.read.1.tlog
C:\Users\최다인\Desktop\MeYou\Study\1학년\프밍\Davinci_Final\Davinci_Final\Debug\link-cvtres.write.1.tlog
C:\Users\최다인\Desktop\MeYou\Study\1학년\프밍\Davinci_Final\Davinci_Final\Debug\link-rc.read.1.tlog
C:\Users\최다인\Desktop\MeYou\Study\1학년\프밍\Davinci_Final\Davinci_Final\Debug\link-rc.write.1.tlog
C:\Users\최다인\Desktop\MeYou\Study\1학년\프밍\Davinci_Final\Davinci_Final\Debug\link.command.1.tlog
C:\Users\최다인\Desktop\MeYou\Study\1학년\프밍\Davinci_Final\Davinci_Final\Debug\link.read.1.tlog
C:\Users\최다인\Desktop\MeYou\Study\1학년\프밍\Davinci_Final\Davinci_Final\Debug\link.write.1.tlog
C:\Users\최다인\Desktop\MeYou\Study\1학년\프밍\Davinci_Final\Davinci_Final\Debug\vc110.idb
C:\Users\최다인\Desktop\MeYou\Study\1학년\프밍\Davinci_Final\Davinci_Final\Debug\vc110.pdb
C:\Users\최다인\Desktop\MeYou\Study\1학년\프밍\Davinci_Final\Debug\Davinci_Final.pdb
C:\Users\최다인\Desktop\MeYou\Study\1학년\프밍\Davinci_Final\Debug\Davinci_Final.exe
C:\Users\최다인\Desktop\MeYou\Study\1학년\프밍\Davinci_Final\Debug\Davinci_Final.ilk
